# JRE version: Java(TM) SE Runtime Environment (8.0_60-b27) (build 1.8.0_60-b27)
# Java VM: Java HotSpot(TM) 64-Bit Server VM (25.60-b23 mixed mode windows-amd64 compressed oops)
Heap:
 PSYoungGen      total 305664K, used 167774K [0x00000000d5580000, 0x00000000faa80000, 0x0000000100000000)
  eden space 262144K, 64% used [0x00000000d5580000,0x00000000df957990,0x00000000e5580000)
  from space 43520K, 0% used [0x00000000e5580000,0x00000000e5580000,0x00000000e8000000)
  to   space 43520K, 0% used [0x00000000f8000000,0x00000000f8000000,0x00000000faa80000)
 ParOldGen       total 699392K, used 18178K [0x0000000080000000, 0x00000000aab00000, 0x00000000d5580000)
  object space 699392K, 2% used [0x0000000080000000,0x00000000811c0a08,0x00000000aab00000)
 Metaspace       used 27105K, capacity 27470K, committed 27904K, reserved 1073152K
  class space    used 3084K, capacity 3203K, committed 3328K, reserved 1048576K
GC Heap History (4 events):
Event: 2.113 GC heap before
{Heap before GC invocations=1 (full 0):
 PSYoungGen      total 305664K, used 235958K [0x00000000d5580000, 0x00000000eaa80000, 0x0000000100000000)
  eden space 262144K, 90% used [0x00000000d5580000,0x00000000e3bed800,0x00000000e5580000)
  from space 43520K, 0% used [0x00000000e8000000,0x00000000e8000000,0x00000000eaa80000)
  to   space 43520K, 0% used [0x00000000e5580000,0x00000000e5580000,0x00000000e8000000)
 ParOldGen       total 699392K, used 0K [0x0000000080000000, 0x00000000aab00000, 0x00000000d5580000)
  object space 699392K, 0% used [0x0000000080000000,0x0000000080000000,0x00000000aab00000)
 Metaspace       used 20754K, capacity 21012K, committed 21248K, reserved 1069056K
  class space    used 2352K, capacity 2452K, committed 2560K, reserved 1048576K
Event: 2.149 GC heap after
Heap after GC invocations=1 (full 0):
 PSYoungGen      total 305664K, used 18912K [0x00000000d5580000, 0x00000000faa80000, 0x0000000100000000)
  eden space 262144K, 0% used [0x00000000d5580000,0x00000000d5580000,0x00000000e5580000)
  from space 43520K, 43% used [0x00000000e5580000,0x00000000e67f8268,0x00000000e8000000)
  to   space 43520K, 0% used [0x00000000f8000000,0x00000000f8000000,0x00000000faa80000)
 ParOldGen       total 699392K, used 8K [0x0000000080000000, 0x00000000aab00000, 0x00000000d5580000)
  object space 699392K, 0% used [0x0000000080000000,0x0000000080002000,0x00000000aab00000)
 Metaspace       used 20754K, capacity 21012K, committed 21248K, reserved 1069056K
  class space    used 2352K, capacity 2452K, committed 2560K, reserved 1048576K
}
Event: 2.149 GC heap before
{Heap before GC invocations=2 (full 1):
 PSYoungGen      total 305664K, used 18912K [0x00000000d5580000, 0x00000000faa80000, 0x0000000100000000)
  eden space 262144K, 0% used [0x00000000d5580000,0x00000000d5580000,0x00000000e5580000)
  from space 43520K, 43% used [0x00000000e5580000,0x00000000e67f8268,0x00000000e8000000)
  to   space 43520K, 0% used [0x00000000f8000000,0x00000000f8000000,0x00000000faa80000)
 ParOldGen       total 699392K, used 8K [0x0000000080000000, 0x00000000aab00000, 0x00000000d5580000)
  object space 699392K, 0% used [0x0000000080000000,0x0000000080002000,0x00000000aab00000)
 Metaspace       used 20754K, capacity 21012K, committed 21248K, reserved 1069056K
  class space    used 2352K, capacity 2452K, committed 2560K, reserved 1048576K
Event: 2.272 GC heap after
Heap after GC invocations=2 (full 1):
 PSYoungGen      total 305664K, used 0K [0x00000000d5580000, 0x00000000faa80000, 0x0000000100000000)
  eden space 262144K, 0% used [0x00000000d5580000,0x00000000d5580000,0x00000000e5580000)
  from space 43520K, 0% used [0x00000000e5580000,0x00000000e5580000,0x00000000e8000000)
  to   space 43520K, 0% used [0x00000000f8000000,0x00000000f8000000,0x00000000faa80000)
 ParOldGen       total 699392K, used 18178K [0x0000000080000000, 0x00000000aab00000, 0x00000000d5580000)
  object space 699392K, 2% used [0x0000000080000000,0x00000000811c0a08,0x00000000aab00000)
 Metaspace       used 20754K, capacity 21012K, committed 21248K, reserved 1069056K
  class space    used 2352K, capacity 2452K, committed 2560K, reserved 1048576K
}

