# JRE version: Java(TM) SE Runtime Environment (7.0_80-b15) (build 1.7.0_80-b15)
# Java VM: Java HotSpot(TM) 64-Bit Server VM (24.80-b11 mixed mode windows-amd64 compressed oops)
Heap
 PSYoungGen      total 538112K, used 118643K [0x00000007ab280000, 0x00000007eec80000, 0x0000000800000000)
  eden space 521728K, 19% used [0x00000007ab280000,0x00000007b165fca0,0x00000007cb000000)
  from space 16384K, 99% used [0x00000007cb000000,0x00000007cbffd160,0x00000007cc000000)
  to   space 32256K, 0% used [0x00000007ecd00000,0x00000007ecd00000,0x00000007eec80000)
 ParOldGen       total 173568K, used 31798K [0x0000000701800000, 0x000000070c180000, 0x00000007ab280000)
  object space 173568K, 18% used [0x0000000701800000,0x000000070370da28,0x000000070c180000)
 PSPermGen       total 37376K, used 36942K [0x00000006fc600000, 0x00000006fea80000, 0x0000000701800000)
  object space 37376K, 98% used [0x00000006fc600000,0x00000006fea13820,0x00000006fea80000)
GC Heap History (10 events):
Event: 2.242 GC heap before
{Heap before GC invocations=3 (full 0):
 PSYoungGen      total 141824K, used 138701K [0x00000007ab280000, 0x00000007b4780000, 0x0000000800000000)
  eden space 131072K, 100% used [0x00000007ab280000,0x00000007b3280000,0x00000007b3280000)
  from space 10752K, 70% used [0x00000007b3d00000,0x00000007b4473420,0x00000007b4780000)
  to   space 10752K, 0% used [0x00000007b3280000,0x00000007b3280000,0x00000007b3d00000)
 ParOldGen       total 173568K, used 80K [0x0000000701800000, 0x000000070c180000, 0x00000007ab280000)
  object space 173568K, 0% used [0x0000000701800000,0x0000000701814010,0x000000070c180000)
 PSPermGen       total 21504K, used 20413K [0x00000006fc600000, 0x00000006fdb00000, 0x0000000701800000)
  object space 21504K, 94% used [0x00000006fc600000,0x00000006fd9ef5d0,0x00000006fdb00000)
Event: 2.256 GC heap after
Heap after GC invocations=3 (full 0):
 PSYoungGen      total 141824K, used 9108K [0x00000007ab280000, 0x00000007bc780000, 0x0000000800000000)
  eden space 131072K, 0% used [0x00000007ab280000,0x00000007ab280000,0x00000007b3280000)
  from space 10752K, 84% used [0x00000007b3280000,0x00000007b3b65188,0x00000007b3d00000)
  to   space 10752K, 0% used [0x00000007bbd00000,0x00000007bbd00000,0x00000007bc780000)
 ParOldGen       total 173568K, used 88K [0x0000000701800000, 0x000000070c180000, 0x00000007ab280000)
  object space 173568K, 0% used [0x0000000701800000,0x0000000701816010,0x000000070c180000)
 PSPermGen       total 21504K, used 20413K [0x00000006fc600000, 0x00000006fdb00000, 0x0000000701800000)
  object space 21504K, 94% used [0x00000006fc600000,0x00000006fd9ef5d0,0x00000006fdb00000)
}
Event: 2.389 GC heap before
{Heap before GC invocations=4 (full 0):
 PSYoungGen      total 141824K, used 140180K [0x00000007ab280000, 0x00000007bc780000, 0x0000000800000000)
  eden space 131072K, 100% used [0x00000007ab280000,0x00000007b3280000,0x00000007b3280000)
  from space 10752K, 84% used [0x00000007b3280000,0x00000007b3b65188,0x00000007b3d00000)
  to   space 10752K, 0% used [0x00000007bbd00000,0x00000007bbd00000,0x00000007bc780000)
 ParOldGen       total 173568K, used 88K [0x0000000701800000, 0x000000070c180000, 0x00000007ab280000)
  object space 173568K, 0% used [0x0000000701800000,0x0000000701816010,0x000000070c180000)
 PSPermGen       total 21504K, used 20955K [0x00000006fc600000, 0x00000006fdb00000, 0x0000000701800000)
  object space 21504K, 97% used [0x00000006fc600000,0x00000006fda76f30,0x00000006fdb00000)
Event: 2.402 GC heap after
Heap after GC invocations=4 (full 0):
 PSYoungGen      total 272896K, used 7362K [0x00000007ab280000, 0x00000007bc780000, 0x0000000800000000)
  eden space 262144K, 0% used [0x00000007ab280000,0x00000007ab280000,0x00000007bb280000)
  from space 10752K, 68% used [0x00000007bbd00000,0x00000007bc430968,0x00000007bc780000)
  to   space 10752K, 0% used [0x00000007bb280000,0x00000007bb280000,0x00000007bbd00000)
 ParOldGen       total 173568K, used 96K [0x0000000701800000, 0x000000070c180000, 0x00000007ab280000)
  object space 173568K, 0% used [0x0000000701800000,0x0000000701818010,0x000000070c180000)
 PSPermGen       total 21504K, used 20955K [0x00000006fc600000, 0x00000006fdb00000, 0x0000000701800000)
  object space 21504K, 97% used [0x00000006fc600000,0x00000006fda76f30,0x00000006fdb00000)
}
Event: 3.756 GC heap before
{Heap before GC invocations=5 (full 0):
 PSYoungGen      total 272896K, used 269506K [0x00000007ab280000, 0x00000007bc780000, 0x0000000800000000)
  eden space 262144K, 100% used [0x00000007ab280000,0x00000007bb280000,0x00000007bb280000)
  from space 10752K, 68% used [0x00000007bbd00000,0x00000007bc430968,0x00000007bc780000)
  to   space 10752K, 0% used [0x00000007bb280000,0x00000007bb280000,0x00000007bbd00000)
 ParOldGen       total 173568K, used 96K [0x0000000701800000, 0x000000070c180000, 0x00000007ab280000)
  object space 173568K, 0% used [0x0000000701800000,0x0000000701818010,0x000000070c180000)
 PSPermGen       total 26112K, used 25908K [0x00000006fc600000, 0x00000006fdf80000, 0x0000000701800000)
  object space 26112K, 99% used [0x00000006fc600000,0x00000006fdf4d060,0x00000006fdf80000)
Event: 3.773 GC heap after
Heap after GC invocations=5 (full 0):
 PSYoungGen      total 272896K, used 10723K [0x00000007ab280000, 0x00000007ccd80000, 0x0000000800000000)
  eden space 262144K, 0% used [0x00000007ab280000,0x00000007ab280000,0x00000007bb280000)
  from space 10752K, 99% used [0x00000007bb280000,0x00000007bbcf8f28,0x00000007bbd00000)
  to   space 13824K, 0% used [0x00000007cc000000,0x00000007cc000000,0x00000007ccd80000)
 ParOldGen       total 173568K, used 3393K [0x0000000701800000, 0x000000070c180000, 0x00000007ab280000)
  object space 173568K, 1% used [0x0000000701800000,0x0000000701b50508,0x000000070c180000)
 PSPermGen       total 26112K, used 25908K [0x00000006fc600000, 0x00000006fdf80000, 0x0000000701800000)
  object space 26112K, 99% used [0x00000006fc600000,0x00000006fdf4d060,0x00000006fdf80000)
}
Event: 4.512 GC heap before
{Heap before GC invocations=6 (full 0):
 PSYoungGen      total 272896K, used 272867K [0x00000007ab280000, 0x00000007ccd80000, 0x0000000800000000)
  eden space 262144K, 100% used [0x00000007ab280000,0x00000007bb280000,0x00000007bb280000)
  from space 10752K, 99% used [0x00000007bb280000,0x00000007bbcf8f28,0x00000007bbd00000)
  to   space 13824K, 0% used [0x00000007cc000000,0x00000007cc000000,0x00000007ccd80000)
 ParOldGen       total 173568K, used 3393K [0x0000000701800000, 0x000000070c180000, 0x00000007ab280000)
  object space 173568K, 1% used [0x0000000701800000,0x0000000701b50508,0x000000070c180000)
 PSPermGen       total 26624K, used 26449K [0x00000006fc600000, 0x00000006fe000000, 0x0000000701800000)
  object space 26624K, 99% used [0x00000006fc600000,0x00000006fdfd4778,0x00000006fe000000)
Event: 4.541 GC heap after
Heap after GC invocations=6 (full 0):
 PSYoungGen      total 535552K, used 13820K [0x00000007ab280000, 0x00000007cd280000, 0x0000000800000000)
  eden space 521728K, 0% used [0x00000007ab280000,0x00000007ab280000,0x00000007cb000000)
  from space 13824K, 99% used [0x00000007cc000000,0x00000007ccd7f108,0x00000007ccd80000)
  to   space 16384K, 0% used [0x00000007cb000000,0x00000007cb000000,0x00000007cc000000)
 ParOldGen       total 173568K, used 4882K [0x0000000701800000, 0x000000070c180000, 0x00000007ab280000)
  object space 173568K, 2% used [0x0000000701800000,0x0000000701cc4ae8,0x000000070c180000)
 PSPermGen       total 26624K, used 26449K [0x00000006fc600000, 0x00000006fe000000, 0x0000000701800000)
  object space 26624K, 99% used [0x00000006fc600000,0x00000006fdfd4778,0x00000006fe000000)
}
Event: 8.060 GC heap before
{Heap before GC invocations=7 (full 0):
 PSYoungGen      total 535552K, used 535548K [0x00000007ab280000, 0x00000007cd280000, 0x0000000800000000)
  eden space 521728K, 100% used [0x00000007ab280000,0x00000007cb000000,0x00000007cb000000)
  from space 13824K, 99% used [0x00000007cc000000,0x00000007ccd7f108,0x00000007ccd80000)
  to   space 16384K, 0% used [0x00000007cb000000,0x00000007cb000000,0x00000007cc000000)
 ParOldGen       total 173568K, used 4882K [0x0000000701800000, 0x000000070c180000, 0x00000007ab280000)
  object space 173568K, 2% used [0x0000000701800000,0x0000000701cc4ae8,0x000000070c180000)
 PSPermGen       total 36864K, used 36757K [0x00000006fc600000, 0x00000006fea00000, 0x0000000701800000)
  object space 36864K, 99% used [0x00000006fc600000,0x00000006fe9e57e0,0x00000006fea00000)
Event: 8.093 GC heap after
Heap after GC invocations=7 (full 0):
 PSYoungGen      total 538112K, used 16372K [0x00000007ab280000, 0x00000007eec80000, 0x0000000800000000)
  eden space 521728K, 0% used [0x00000007ab280000,0x00000007ab280000,0x00000007cb000000)
  from space 16384K, 99% used [0x00000007cb000000,0x00000007cbffd160,0x00000007cc000000)
  to   space 32256K, 0% used [0x00000007ecd00000,0x00000007ecd00000,0x00000007eec80000)
 ParOldGen       total 173568K, used 31798K [0x0000000701800000, 0x000000070c180000, 0x00000007ab280000)
  object space 173568K, 18% used [0x0000000701800000,0x000000070370da28,0x000000070c180000)
 PSPermGen       total 36864K, used 36757K [0x00000006fc600000, 0x00000006fea00000, 0x0000000701800000)
  object space 36864K, 99% used [0x00000006fc600000,0x00000006fe9e57e0,0x00000006fea00000)
}

