# JRE version: Java(TM) SE Runtime Environment (7.0_80-b15) (build 1.7.0_80-b15)
# Java VM: Java HotSpot(TM) 64-Bit Server VM (24.80-b11 mixed mode windows-amd64 compressed oops)
Heap
 PSYoungGen      total 141824K, used 43054K [0x00000007d5d00000, 0x00000007e7200000, 0x0000000800000000)
  eden space 133120K, 26% used [0x00000007d5d00000,0x00000007d800ce58,0x00000007ddf00000)
  from space 8704K, 82% used [0x00000007ddf00000,0x00000007de5feb90,0x00000007de780000)
  to   space 8704K, 0% used [0x00000007e6980000,0x00000007e6980000,0x00000007e7200000)
 ParOldGen       total 86016K, used 11872K [0x0000000781800000, 0x0000000786c00000, 0x00000007d5d00000)
  object space 86016K, 13% used [0x0000000781800000,0x00000007823983f0,0x0000000786c00000)
 PSPermGen       total 25088K, used 25019K [0x000000077c600000, 0x000000077de80000, 0x0000000781800000)
  object space 25088K, 99% used [0x000000077c600000,0x000000077de6ee38,0x000000077de80000)
GC Heap History (10 events):
Event: 1.297 GC heap before
{Heap before GC invocations=3 (full 0):
 PSYoungGen      total 38400K, used 38377K [0x00000007d5d00000, 0x00000007da800000, 0x0000000800000000)
  eden space 33280K, 100% used [0x00000007d5d00000,0x00000007d7d80000,0x00000007d7d80000)
  from space 5120K, 99% used [0x00000007d8280000,0x00000007d877a448,0x00000007d8780000)
  to   space 5120K, 0% used [0x00000007d7d80000,0x00000007d7d80000,0x00000007d8280000)
 ParOldGen       total 86016K, used 2412K [0x0000000781800000, 0x0000000786c00000, 0x00000007d5d00000)
  object space 86016K, 2% used [0x0000000781800000,0x0000000781a5b218,0x0000000786c00000)
 PSPermGen       total 21504K, used 13298K [0x000000077c600000, 0x000000077db00000, 0x0000000781800000)
  object space 21504K, 61% used [0x000000077c600000,0x000000077d2fcbe8,0x000000077db00000)
Event: 1.303 GC heap after
Heap after GC invocations=3 (full 0):
 PSYoungGen      total 38400K, used 5095K [0x00000007d5d00000, 0x00000007da800000, 0x0000000800000000)
  eden space 33280K, 0% used [0x00000007d5d00000,0x00000007d5d00000,0x00000007d7d80000)
  from space 5120K, 99% used [0x00000007d7d80000,0x00000007d8279f80,0x00000007d8280000)
  to   space 5120K, 0% used [0x00000007da300000,0x00000007da300000,0x00000007da800000)
 ParOldGen       total 86016K, used 3592K [0x0000000781800000, 0x0000000786c00000, 0x00000007d5d00000)
  object space 86016K, 4% used [0x0000000781800000,0x0000000781b82160,0x0000000786c00000)
 PSPermGen       total 21504K, used 13298K [0x000000077c600000, 0x000000077db00000, 0x0000000781800000)
  object space 21504K, 61% used [0x000000077c600000,0x000000077d2fcbe8,0x000000077db00000)
}
Event: 1.570 GC heap before
{Heap before GC invocations=4 (full 0):
 PSYoungGen      total 38400K, used 38375K [0x00000007d5d00000, 0x00000007da800000, 0x0000000800000000)
  eden space 33280K, 100% used [0x00000007d5d00000,0x00000007d7d80000,0x00000007d7d80000)
  from space 5120K, 99% used [0x00000007d7d80000,0x00000007d8279f80,0x00000007d8280000)
  to   space 5120K, 0% used [0x00000007da300000,0x00000007da300000,0x00000007da800000)
 ParOldGen       total 86016K, used 3592K [0x0000000781800000, 0x0000000786c00000, 0x00000007d5d00000)
  object space 86016K, 4% used [0x0000000781800000,0x0000000781b82160,0x0000000786c00000)
 PSPermGen       total 21504K, used 16601K [0x000000077c600000, 0x000000077db00000, 0x0000000781800000)
  object space 21504K, 77% used [0x000000077c600000,0x000000077d636500,0x000000077db00000)
Event: 1.577 GC heap after
Heap after GC invocations=4 (full 0):
 PSYoungGen      total 71680K, used 5100K [0x00000007d5d00000, 0x00000007da800000, 0x0000000800000000)
  eden space 66560K, 0% used [0x00000007d5d00000,0x00000007d5d00000,0x00000007d9e00000)
  from space 5120K, 99% used [0x00000007da300000,0x00000007da7fb100,0x00000007da800000)
  to   space 5120K, 0% used [0x00000007d9e00000,0x00000007d9e00000,0x00000007da300000)
 ParOldGen       total 86016K, used 6093K [0x0000000781800000, 0x0000000786c00000, 0x00000007d5d00000)
  object space 86016K, 7% used [0x0000000781800000,0x0000000781df3490,0x0000000786c00000)
 PSPermGen       total 21504K, used 16601K [0x000000077c600000, 0x000000077db00000, 0x0000000781800000)
  object space 21504K, 77% used [0x000000077c600000,0x000000077d636500,0x000000077db00000)
}
Event: 1.948 GC heap before
{Heap before GC invocations=5 (full 0):
 PSYoungGen      total 71680K, used 71660K [0x00000007d5d00000, 0x00000007da800000, 0x0000000800000000)
  eden space 66560K, 100% used [0x00000007d5d00000,0x00000007d9e00000,0x00000007d9e00000)
  from space 5120K, 99% used [0x00000007da300000,0x00000007da7fb100,0x00000007da800000)
  to   space 5120K, 0% used [0x00000007d9e00000,0x00000007d9e00000,0x00000007da300000)
 ParOldGen       total 86016K, used 6093K [0x0000000781800000, 0x0000000786c00000, 0x00000007d5d00000)
  object space 86016K, 7% used [0x0000000781800000,0x0000000781df3490,0x0000000786c00000)
 PSPermGen       total 21504K, used 19780K [0x000000077c600000, 0x000000077db00000, 0x0000000781800000)
  object space 21504K, 91% used [0x000000077c600000,0x000000077d951100,0x000000077db00000)
Event: 1.959 GC heap after
Heap after GC invocations=5 (full 0):
 PSYoungGen      total 71680K, used 5090K [0x00000007d5d00000, 0x00000007df000000, 0x0000000800000000)
  eden space 66560K, 0% used [0x00000007d5d00000,0x00000007d5d00000,0x00000007d9e00000)
  from space 5120K, 99% used [0x00000007d9e00000,0x00000007da2f8b48,0x00000007da300000)
  to   space 8704K, 0% used [0x00000007de780000,0x00000007de780000,0x00000007df000000)
 ParOldGen       total 86016K, used 9196K [0x0000000781800000, 0x0000000786c00000, 0x00000007d5d00000)
  object space 86016K, 10% used [0x0000000781800000,0x00000007820fb070,0x0000000786c00000)
 PSPermGen       total 21504K, used 19780K [0x000000077c600000, 0x000000077db00000, 0x0000000781800000)
  object space 21504K, 91% used [0x000000077c600000,0x000000077d951100,0x000000077db00000)
}
Event: 2.043 GC heap before
{Heap before GC invocations=6 (full 0):
 PSYoungGen      total 71680K, used 71650K [0x00000007d5d00000, 0x00000007df000000, 0x0000000800000000)
  eden space 66560K, 100% used [0x00000007d5d00000,0x00000007d9e00000,0x00000007d9e00000)
  from space 5120K, 99% used [0x00000007d9e00000,0x00000007da2f8b48,0x00000007da300000)
  to   space 8704K, 0% used [0x00000007de780000,0x00000007de780000,0x00000007df000000)
 ParOldGen       total 86016K, used 9196K [0x0000000781800000, 0x0000000786c00000, 0x00000007d5d00000)
  object space 86016K, 10% used [0x0000000781800000,0x00000007820fb070,0x0000000786c00000)
 PSPermGen       total 21504K, used 19784K [0x000000077c600000, 0x000000077db00000, 0x0000000781800000)
  object space 21504K, 92% used [0x000000077c600000,0x000000077d952328,0x000000077db00000)
Event: 2.048 GC heap after
Heap after GC invocations=6 (full 0):
 PSYoungGen      total 141824K, used 5154K [0x00000007d5d00000, 0x00000007df000000, 0x0000000800000000)
  eden space 133120K, 0% used [0x00000007d5d00000,0x00000007d5d00000,0x00000007ddf00000)
  from space 8704K, 59% used [0x00000007de780000,0x00000007dec88b48,0x00000007df000000)
  to   space 8704K, 0% used [0x00000007ddf00000,0x00000007ddf00000,0x00000007de780000)
 ParOldGen       total 86016K, used 9196K [0x0000000781800000, 0x0000000786c00000, 0x00000007d5d00000)
  object space 86016K, 10% used [0x0000000781800000,0x00000007820fb070,0x0000000786c00000)
 PSPermGen       total 21504K, used 19784K [0x000000077c600000, 0x000000077db00000, 0x0000000781800000)
  object space 21504K, 92% used [0x000000077c600000,0x000000077d952328,0x000000077db00000)
}
Event: 2.539 GC heap before
{Heap before GC invocations=7 (full 0):
 PSYoungGen      total 141824K, used 138274K [0x00000007d5d00000, 0x00000007df000000, 0x0000000800000000)
  eden space 133120K, 100% used [0x00000007d5d00000,0x00000007ddf00000,0x00000007ddf00000)
  from space 8704K, 59% used [0x00000007de780000,0x00000007dec88b48,0x00000007df000000)
  to   space 8704K, 0% used [0x00000007ddf00000,0x00000007ddf00000,0x00000007de780000)
 ParOldGen       total 86016K, used 9196K [0x0000000781800000, 0x0000000786c00000, 0x00000007d5d00000)
  object space 86016K, 10% used [0x0000000781800000,0x00000007820fb070,0x0000000786c00000)
 PSPermGen       total 23040K, used 23016K [0x000000077c600000, 0x000000077dc80000, 0x0000000781800000)
  object space 23040K, 99% used [0x000000077c600000,0x000000077dc7a0f0,0x000000077dc80000)
Event: 2.547 GC heap after
Heap after GC invocations=7 (full 0):
 PSYoungGen      total 141824K, used 7162K [0x00000007d5d00000, 0x00000007e7200000, 0x0000000800000000)
  eden space 133120K, 0% used [0x00000007d5d00000,0x00000007d5d00000,0x00000007ddf00000)
  from space 8704K, 82% used [0x00000007ddf00000,0x00000007de5feb90,0x00000007de780000)
  to   space 8704K, 0% used [0x00000007e6980000,0x00000007e6980000,0x00000007e7200000)
 ParOldGen       total 86016K, used 11872K [0x0000000781800000, 0x0000000786c00000, 0x00000007d5d00000)
  object space 86016K, 13% used [0x0000000781800000,0x00000007823983f0,0x0000000786c00000)
 PSPermGen       total 23040K, used 23016K [0x000000077c600000, 0x000000077dc80000, 0x0000000781800000)
  object space 23040K, 99% used [0x000000077c600000,0x000000077dc7a0f0,0x000000077dc80000)
}

