# JRE version: Java(TM) SE Runtime Environment (7.0_80-b15) (build 1.7.0_80-b15)
# Java VM: Java HotSpot(TM) 64-Bit Server VM (24.80-b11 mixed mode windows-amd64 compressed oops)
Heap
 PSYoungGen      total 274432K, used 244504K [0x00000007d5d00000, 0x00000007e7100000, 0x0000000800000000)
  eden space 266240K, 89% used [0x00000007d5d00000,0x00000007e4520a68,0x00000007e6100000)
  from space 8192K, 83% used [0x00000007e6900000,0x00000007e6fa5708,0x00000007e7100000)
  to   space 8192K, 0% used [0x00000007e6100000,0x00000007e6100000,0x00000007e6900000)
 ParOldGen       total 86016K, used 12417K [0x0000000781800000, 0x0000000786c00000, 0x00000007d5d00000)
  object space 86016K, 14% used [0x0000000781800000,0x00000007824205d0,0x0000000786c00000)
 PSPermGen       total 26624K, used 26291K [0x000000077c600000, 0x000000077e000000, 0x0000000781800000)
  object space 26624K, 98% used [0x000000077c600000,0x000000077dfacfe8,0x000000077e000000)
GC Heap History (10 events):
Event: 1.545 GC heap before
{Heap before GC invocations=4 (full 0):
 PSYoungGen      total 38400K, used 38397K [0x00000007d5d00000, 0x00000007da800000, 0x0000000800000000)
  eden space 33280K, 100% used [0x00000007d5d00000,0x00000007d7d80000,0x00000007d7d80000)
  from space 5120K, 99% used [0x00000007d7d80000,0x00000007d827f4c0,0x00000007d8280000)
  to   space 5120K, 0% used [0x00000007da300000,0x00000007da300000,0x00000007da800000)
 ParOldGen       total 86016K, used 3466K [0x0000000781800000, 0x0000000786c00000, 0x00000007d5d00000)
  object space 86016K, 4% used [0x0000000781800000,0x0000000781b629d0,0x0000000786c00000)
 PSPermGen       total 21504K, used 16619K [0x000000077c600000, 0x000000077db00000, 0x0000000781800000)
  object space 21504K, 77% used [0x000000077c600000,0x000000077d63ae48,0x000000077db00000)
Event: 1.554 GC heap after
Heap after GC invocations=4 (full 0):
 PSYoungGen      total 71680K, used 5114K [0x00000007d5d00000, 0x00000007da800000, 0x0000000800000000)
  eden space 66560K, 0% used [0x00000007d5d00000,0x00000007d5d00000,0x00000007d9e00000)
  from space 5120K, 99% used [0x00000007da300000,0x00000007da7feb38,0x00000007da800000)
  to   space 5120K, 0% used [0x00000007d9e00000,0x00000007d9e00000,0x00000007da300000)
 ParOldGen       total 86016K, used 5394K [0x0000000781800000, 0x0000000786c00000, 0x00000007d5d00000)
  object space 86016K, 6% used [0x0000000781800000,0x0000000781d44bb0,0x0000000786c00000)
 PSPermGen       total 21504K, used 16619K [0x000000077c600000, 0x000000077db00000, 0x0000000781800000)
  object space 21504K, 77% used [0x000000077c600000,0x000000077d63ae48,0x000000077db00000)
}
Event: 1.929 GC heap before
{Heap before GC invocations=5 (full 0):
 PSYoungGen      total 71680K, used 71674K [0x00000007d5d00000, 0x00000007da800000, 0x0000000800000000)
  eden space 66560K, 100% used [0x00000007d5d00000,0x00000007d9e00000,0x00000007d9e00000)
  from space 5120K, 99% used [0x00000007da300000,0x00000007da7feb38,0x00000007da800000)
  to   space 5120K, 0% used [0x00000007d9e00000,0x00000007d9e00000,0x00000007da300000)
 ParOldGen       total 86016K, used 5394K [0x0000000781800000, 0x0000000786c00000, 0x00000007d5d00000)
  object space 86016K, 6% used [0x0000000781800000,0x0000000781d44bb0,0x0000000786c00000)
 PSPermGen       total 21504K, used 19772K [0x000000077c600000, 0x000000077db00000, 0x0000000781800000)
  object space 21504K, 91% used [0x000000077c600000,0x000000077d94f1f0,0x000000077db00000)
Event: 1.950 GC heap after
Heap after GC invocations=5 (full 0):
 PSYoungGen      total 71680K, used 5105K [0x00000007d5d00000, 0x00000007def00000, 0x0000000800000000)
  eden space 66560K, 0% used [0x00000007d5d00000,0x00000007d5d00000,0x00000007d9e00000)
  from space 5120K, 99% used [0x00000007d9e00000,0x00000007da2fc620,0x00000007da300000)
  to   space 8192K, 0% used [0x00000007de700000,0x00000007de700000,0x00000007def00000)
 ParOldGen       total 86016K, used 8085K [0x0000000781800000, 0x0000000786c00000, 0x00000007d5d00000)
  object space 86016K, 9% used [0x0000000781800000,0x0000000781fe56c0,0x0000000786c00000)
 PSPermGen       total 21504K, used 19772K [0x000000077c600000, 0x000000077db00000, 0x0000000781800000)
  object space 21504K, 91% used [0x000000077c600000,0x000000077d94f1f0,0x000000077db00000)
}
Event: 2.043 GC heap before
{Heap before GC invocations=6 (full 0):
 PSYoungGen      total 71680K, used 71665K [0x00000007d5d00000, 0x00000007def00000, 0x0000000800000000)
  eden space 66560K, 100% used [0x00000007d5d00000,0x00000007d9e00000,0x00000007d9e00000)
  from space 5120K, 99% used [0x00000007d9e00000,0x00000007da2fc620,0x00000007da300000)
  to   space 8192K, 0% used [0x00000007de700000,0x00000007de700000,0x00000007def00000)
 ParOldGen       total 86016K, used 8085K [0x0000000781800000, 0x0000000786c00000, 0x00000007d5d00000)
  object space 86016K, 9% used [0x0000000781800000,0x0000000781fe56c0,0x0000000786c00000)
 PSPermGen       total 21504K, used 19777K [0x000000077c600000, 0x000000077db00000, 0x0000000781800000)
  object space 21504K, 91% used [0x000000077c600000,0x000000077d9507d8,0x000000077db00000)
Event: 2.062 GC heap after
Heap after GC invocations=6 (full 0):
 PSYoungGen      total 141312K, used 5083K [0x00000007d5d00000, 0x00000007def00000, 0x0000000800000000)
  eden space 133120K, 0% used [0x00000007d5d00000,0x00000007d5d00000,0x00000007ddf00000)
  from space 8192K, 62% used [0x00000007de700000,0x00000007debf6ff0,0x00000007def00000)
  to   space 8192K, 0% used [0x00000007ddf00000,0x00000007ddf00000,0x00000007de700000)
 ParOldGen       total 86016K, used 8093K [0x0000000781800000, 0x0000000786c00000, 0x00000007d5d00000)
  object space 86016K, 9% used [0x0000000781800000,0x0000000781fe76c0,0x0000000786c00000)
 PSPermGen       total 21504K, used 19777K [0x000000077c600000, 0x000000077db00000, 0x0000000781800000)
  object space 21504K, 91% used [0x000000077c600000,0x000000077d9507d8,0x000000077db00000)
}
Event: 2.701 GC heap before
{Heap before GC invocations=7 (full 0):
 PSYoungGen      total 141312K, used 138203K [0x00000007d5d00000, 0x00000007def00000, 0x0000000800000000)
  eden space 133120K, 100% used [0x00000007d5d00000,0x00000007ddf00000,0x00000007ddf00000)
  from space 8192K, 62% used [0x00000007de700000,0x00000007debf6ff0,0x00000007def00000)
  to   space 8192K, 0% used [0x00000007ddf00000,0x00000007ddf00000,0x00000007de700000)
 ParOldGen       total 86016K, used 8093K [0x0000000781800000, 0x0000000786c00000, 0x00000007d5d00000)
  object space 86016K, 9% used [0x0000000781800000,0x0000000781fe76c0,0x0000000786c00000)
 PSPermGen       total 23552K, used 23127K [0x000000077c600000, 0x000000077dd00000, 0x0000000781800000)
  object space 23552K, 98% used [0x000000077c600000,0x000000077dc95d30,0x000000077dd00000)
Event: 2.710 GC heap after
Heap after GC invocations=7 (full 0):
 PSYoungGen      total 141312K, used 6600K [0x00000007d5d00000, 0x00000007e7100000, 0x0000000800000000)
  eden space 133120K, 0% used [0x00000007d5d00000,0x00000007d5d00000,0x00000007ddf00000)
  from space 8192K, 80% used [0x00000007ddf00000,0x00000007de572028,0x00000007de700000)
  to   space 8192K, 0% used [0x00000007e6900000,0x00000007e6900000,0x00000007e7100000)
 ParOldGen       total 86016K, used 11366K [0x0000000781800000, 0x0000000786c00000, 0x00000007d5d00000)
  object space 86016K, 13% used [0x0000000781800000,0x0000000782319a78,0x0000000786c00000)
 PSPermGen       total 23552K, used 23127K [0x000000077c600000, 0x000000077dd00000, 0x0000000781800000)
  object space 23552K, 98% used [0x000000077c600000,0x000000077dc95d30,0x000000077dd00000)
}
Event: 3.180 GC heap before
{Heap before GC invocations=8 (full 0):
 PSYoungGen      total 141312K, used 139720K [0x00000007d5d00000, 0x00000007e7100000, 0x0000000800000000)
  eden space 133120K, 100% used [0x00000007d5d00000,0x00000007ddf00000,0x00000007ddf00000)
  from space 8192K, 80% used [0x00000007ddf00000,0x00000007de572028,0x00000007de700000)
  to   space 8192K, 0% used [0x00000007e6900000,0x00000007e6900000,0x00000007e7100000)
 ParOldGen       total 86016K, used 11366K [0x0000000781800000, 0x0000000786c00000, 0x00000007d5d00000)
  object space 86016K, 13% used [0x0000000781800000,0x0000000782319a78,0x0000000786c00000)
 PSPermGen       total 25600K, used 25199K [0x000000077c600000, 0x000000077df00000, 0x0000000781800000)
  object space 25600K, 98% used [0x000000077c600000,0x000000077de9bf40,0x000000077df00000)
Event: 3.186 GC heap after
Heap after GC invocations=8 (full 0):
 PSYoungGen      total 274432K, used 6805K [0x00000007d5d00000, 0x00000007e7100000, 0x0000000800000000)
  eden space 266240K, 0% used [0x00000007d5d00000,0x00000007d5d00000,0x00000007e6100000)
  from space 8192K, 83% used [0x00000007e6900000,0x00000007e6fa5708,0x00000007e7100000)
  to   space 8192K, 0% used [0x00000007e6100000,0x00000007e6100000,0x00000007e6900000)
 ParOldGen       total 86016K, used 12417K [0x0000000781800000, 0x0000000786c00000, 0x00000007d5d00000)
  object space 86016K, 14% used [0x0000000781800000,0x00000007824205d0,0x0000000786c00000)
 PSPermGen       total 25600K, used 25199K [0x000000077c600000, 0x000000077df00000, 0x0000000781800000)
  object space 25600K, 98% used [0x000000077c600000,0x000000077de9bf40,0x000000077df00000)
}

