# JRE version: Java(TM) SE Runtime Environment (7.0_71-b14) (build 1.7.0_71-b14)
# Java VM: Java HotSpot(TM) 64-Bit Server VM (24.71-b01 mixed mode windows-amd64 compressed oops)
Heap
 PSYoungGen      total 634368K, used 260853K [0x00000007d7b00000, 0x00000007fff00000, 0x0000000800000000)
  eden space 611328K, 42% used [0x00000007d7b00000,0x00000007e76554d0,0x00000007fd000000)
  from space 23040K, 15% used [0x00000007fe880000,0x00000007febe8000,0x00000007fff00000)
  to   space 24064K, 0% used [0x00000007fd000000,0x00000007fd000000,0x00000007fe780000)
 ParOldGen       total 82432K, used 53214K [0x0000000787200000, 0x000000078c280000, 0x00000007d7b00000)
  object space 82432K, 64% used [0x0000000787200000,0x000000078a5f78a8,0x000000078c280000)
 PSPermGen       total 34304K, used 34131K [0x000000077f200000, 0x0000000781380000, 0x0000000787200000)
  object space 34304K, 99% used [0x000000077f200000,0x0000000781354fc0,0x0000000781380000)
GC Heap History (10 events):
Event: 7.416 GC heap before
{Heap before GC invocations=8 (full 0):
 PSYoungGen      total 131584K, used 131583K [0x00000007d7b00000, 0x00000007e8200000, 0x0000000800000000)
  eden space 123392K, 100% used [0x00000007d7b00000,0x00000007df380000,0x00000007df380000)
  from space 8192K, 99% used [0x00000007df380000,0x00000007dfb7fda0,0x00000007dfb80000)
  to   space 11264K, 0% used [0x00000007e7700000,0x00000007e7700000,0x00000007e8200000)
 ParOldGen       total 82432K, used 5429K [0x0000000787200000, 0x000000078c280000, 0x00000007d7b00000)
  object space 82432K, 6% used [0x0000000787200000,0x000000078774d550,0x000000078c280000)
 PSPermGen       total 21504K, used 17371K [0x000000077f200000, 0x0000000780700000, 0x0000000787200000)
  object space 21504K, 80% used [0x000000077f200000,0x00000007802f6e70,0x0000000780700000)
Event: 7.439 GC heap after
Heap after GC invocations=8 (full 0):
 PSYoungGen      total 256000K, used 11264K [0x00000007d7b00000, 0x00000007e8600000, 0x0000000800000000)
  eden space 244736K, 0% used [0x00000007d7b00000,0x00000007d7b00000,0x00000007e6a00000)
  from space 11264K, 100% used [0x00000007e7700000,0x00000007e8200000,0x00000007e8200000)
  to   space 13312K, 0% used [0x00000007e6a00000,0x00000007e6a00000,0x00000007e7700000)
 ParOldGen       total 82432K, used 7165K [0x0000000787200000, 0x000000078c280000, 0x00000007d7b00000)
  object space 82432K, 8% used [0x0000000787200000,0x00000007878ff7a0,0x000000078c280000)
 PSPermGen       total 21504K, used 17371K [0x000000077f200000, 0x0000000780700000, 0x0000000787200000)
  object space 21504K, 80% used [0x000000077f200000,0x00000007802f6e70,0x0000000780700000)
}
Event: 8.771 GC heap before
{Heap before GC invocations=9 (full 0):
 PSYoungGen      total 256000K, used 256000K [0x00000007d7b00000, 0x00000007e8600000, 0x0000000800000000)
  eden space 244736K, 100% used [0x00000007d7b00000,0x00000007e6a00000,0x00000007e6a00000)
  from space 11264K, 100% used [0x00000007e7700000,0x00000007e8200000,0x00000007e8200000)
  to   space 13312K, 0% used [0x00000007e6a00000,0x00000007e6a00000,0x00000007e7700000)
 ParOldGen       total 82432K, used 7165K [0x0000000787200000, 0x000000078c280000, 0x00000007d7b00000)
  object space 82432K, 8% used [0x0000000787200000,0x00000007878ff7a0,0x000000078c280000)
 PSPermGen       total 21504K, used 18501K [0x000000077f200000, 0x0000000780700000, 0x0000000787200000)
  object space 21504K, 86% used [0x000000077f200000,0x00000007804114b0,0x0000000780700000)
Event: 8.810 GC heap after
Heap after GC invocations=9 (full 0):
 PSYoungGen      total 258048K, used 13280K [0x00000007d7b00000, 0x00000007f1d80000, 0x0000000800000000)
  eden space 244736K, 0% used [0x00000007d7b00000,0x00000007d7b00000,0x00000007e6a00000)
  from space 13312K, 99% used [0x00000007e6a00000,0x00000007e76f8020,0x00000007e7700000)
  to   space 18432K, 0% used [0x00000007f0b80000,0x00000007f0b80000,0x00000007f1d80000)
 ParOldGen       total 82432K, used 14882K [0x0000000787200000, 0x000000078c280000, 0x00000007d7b00000)
  object space 82432K, 18% used [0x0000000787200000,0x00000007880888f8,0x000000078c280000)
 PSPermGen       total 21504K, used 18501K [0x000000077f200000, 0x0000000780700000, 0x0000000787200000)
  object space 21504K, 86% used [0x000000077f200000,0x00000007804114b0,0x0000000780700000)
}
Event: 12.875 GC heap before
{Heap before GC invocations=10 (full 0):
 PSYoungGen      total 258048K, used 258016K [0x00000007d7b00000, 0x00000007f1d80000, 0x0000000800000000)
  eden space 244736K, 100% used [0x00000007d7b00000,0x00000007e6a00000,0x00000007e6a00000)
  from space 13312K, 99% used [0x00000007e6a00000,0x00000007e76f8020,0x00000007e7700000)
  to   space 18432K, 0% used [0x00000007f0b80000,0x00000007f0b80000,0x00000007f1d80000)
 ParOldGen       total 82432K, used 14882K [0x0000000787200000, 0x000000078c280000, 0x00000007d7b00000)
  object space 82432K, 18% used [0x0000000787200000,0x00000007880888f8,0x000000078c280000)
 PSPermGen       total 24064K, used 24015K [0x000000077f200000, 0x0000000780980000, 0x0000000787200000)
  object space 24064K, 99% used [0x000000077f200000,0x0000000780973f18,0x0000000780980000)
Event: 13.009 GC heap after
Heap after GC invocations=10 (full 0):
 PSYoungGen      total 403456K, used 18424K [0x00000007d7b00000, 0x00000007f2a80000, 0x0000000800000000)
  eden space 385024K, 0% used [0x00000007d7b00000,0x00000007d7b00000,0x00000007ef300000)
  from space 18432K, 99% used [0x00000007f0b80000,0x00000007f1d7e148,0x00000007f1d80000)
  to   space 25088K, 0% used [0x00000007ef300000,0x00000007ef300000,0x00000007f0b80000)
 ParOldGen       total 82432K, used 25269K [0x0000000787200000, 0x000000078c280000, 0x00000007d7b00000)
  object space 82432K, 30% used [0x0000000787200000,0x0000000788aad6a0,0x000000078c280000)
 PSPermGen       total 24064K, used 24015K [0x000000077f200000, 0x0000000780980000, 0x0000000787200000)
  object space 24064K, 99% used [0x000000077f200000,0x0000000780973f18,0x0000000780980000)
}
Event: 20.891 GC heap before
{Heap before GC invocations=11 (full 0):
 PSYoungGen      total 403456K, used 403448K [0x00000007d7b00000, 0x00000007f2a80000, 0x0000000800000000)
  eden space 385024K, 100% used [0x00000007d7b00000,0x00000007ef300000,0x00000007ef300000)
  from space 18432K, 99% used [0x00000007f0b80000,0x00000007f1d7e148,0x00000007f1d80000)
  to   space 25088K, 0% used [0x00000007ef300000,0x00000007ef300000,0x00000007f0b80000)
 ParOldGen       total 82432K, used 25269K [0x0000000787200000, 0x000000078c280000, 0x00000007d7b00000)
  object space 82432K, 30% used [0x0000000787200000,0x0000000788aad6a0,0x000000078c280000)
 PSPermGen       total 28672K, used 28350K [0x000000077f200000, 0x0000000780e00000, 0x0000000787200000)
  object space 28672K, 98% used [0x000000077f200000,0x0000000780daf8c0,0x0000000780e00000)
Event: 20.953 GC heap after
Heap after GC invocations=11 (full 0):
 PSYoungGen      total 410112K, used 11941K [0x00000007d7b00000, 0x0000000800000000, 0x0000000800000000)
  eden space 385024K, 0% used [0x00000007d7b00000,0x00000007d7b00000,0x00000007ef300000)
  from space 25088K, 47% used [0x00000007ef300000,0x00000007efea9460,0x00000007f0b80000)
  to   space 24064K, 0% used [0x00000007fe880000,0x00000007fe880000,0x0000000800000000)
 ParOldGen       total 82432K, used 43393K [0x0000000787200000, 0x000000078c280000, 0x00000007d7b00000)
  object space 82432K, 52% used [0x0000000787200000,0x0000000789c60408,0x000000078c280000)
 PSPermGen       total 28672K, used 28350K [0x000000077f200000, 0x0000000780e00000, 0x0000000787200000)
  object space 28672K, 98% used [0x000000077f200000,0x0000000780daf8c0,0x0000000780e00000)
}
Event: 24.727 GC heap before
{Heap before GC invocations=12 (full 0):
 PSYoungGen      total 410112K, used 396965K [0x00000007d7b00000, 0x0000000800000000, 0x0000000800000000)
  eden space 385024K, 100% used [0x00000007d7b00000,0x00000007ef300000,0x00000007ef300000)
  from space 25088K, 47% used [0x00000007ef300000,0x00000007efea9460,0x00000007f0b80000)
  to   space 24064K, 0% used [0x00000007fe880000,0x00000007fe880000,0x0000000800000000)
 ParOldGen       total 82432K, used 43393K [0x0000000787200000, 0x000000078c280000, 0x00000007d7b00000)
  object space 82432K, 52% used [0x0000000787200000,0x0000000789c60408,0x000000078c280000)
 PSPermGen       total 29184K, used 28857K [0x000000077f200000, 0x0000000780e80000, 0x0000000787200000)
  object space 29184K, 98% used [0x000000077f200000,0x0000000780e2e640,0x0000000780e80000)
Event: 24.747 GC heap after
Heap after GC invocations=12 (full 0):
 PSYoungGen      total 634368K, used 3488K [0x00000007d7b00000, 0x00000007fff00000, 0x0000000800000000)
  eden space 611328K, 0% used [0x00000007d7b00000,0x00000007d7b00000,0x00000007fd000000)
  from space 23040K, 15% used [0x00000007fe880000,0x00000007febe8000,0x00000007fff00000)
  to   space 24064K, 0% used [0x00000007fd000000,0x00000007fd000000,0x00000007fe780000)
 ParOldGen       total 82432K, used 53214K [0x0000000787200000, 0x000000078c280000, 0x00000007d7b00000)
  object space 82432K, 64% used [0x0000000787200000,0x000000078a5f78a8,0x000000078c280000)
 PSPermGen       total 29184K, used 28857K [0x000000077f200000, 0x0000000780e80000, 0x0000000787200000)
  object space 29184K, 98% used [0x000000077f200000,0x0000000780e2e640,0x0000000780e80000)
}

