# JRE version: Java(TM) SE Runtime Environment (7.0_80-b15) (build 1.7.0_80-b15)
# Java VM: Java HotSpot(TM) 64-Bit Server VM (24.80-b11 mixed mode windows-amd64 compressed oops)
Heap
 PSYoungGen      total 71680K, used 30348K [0x00000007d5d00000, 0x00000007da800000, 0x0000000800000000)
  eden space 66560K, 37% used [0x00000007d5d00000,0x00000007d75a90a0,0x00000007d9e00000)
  from space 5120K, 99% used [0x00000007da300000,0x00000007da7fa020,0x00000007da800000)
  to   space 5120K, 0% used [0x00000007d9e00000,0x00000007d9e00000,0x00000007da300000)
 ParOldGen       total 86016K, used 8088K [0x0000000781800000, 0x0000000786c00000, 0x00000007d5d00000)
  object space 86016K, 9% used [0x0000000781800000,0x0000000781fe6360,0x0000000786c00000)
 PSPermGen       total 21504K, used 16077K [0x000000077c600000, 0x000000077db00000, 0x0000000781800000)
  object space 21504K, 74% used [0x000000077c600000,0x000000077d5b3410,0x000000077db00000)
GC Heap History (8 events):
Event: 0.893 GC heap before
{Heap before GC invocations=1 (full 0):
 PSYoungGen      total 38400K, used 33280K [0x00000007d5d00000, 0x00000007d8780000, 0x0000000800000000)
  eden space 33280K, 100% used [0x00000007d5d00000,0x00000007d7d80000,0x00000007d7d80000)
  from space 5120K, 0% used [0x00000007d8280000,0x00000007d8280000,0x00000007d8780000)
  to   space 5120K, 0% used [0x00000007d7d80000,0x00000007d7d80000,0x00000007d8280000)
 ParOldGen       total 86016K, used 0K [0x0000000781800000, 0x0000000786c00000, 0x00000007d5d00000)
  object space 86016K, 0% used [0x0000000781800000,0x0000000781800000,0x0000000786c00000)
 PSPermGen       total 21504K, used 8945K [0x000000077c600000, 0x000000077db00000, 0x0000000781800000)
  object space 21504K, 41% used [0x000000077c600000,0x000000077cebc650,0x000000077db00000)
Event: 0.899 GC heap after
Heap after GC invocations=1 (full 0):
 PSYoungGen      total 38400K, used 5108K [0x00000007d5d00000, 0x00000007d8780000, 0x0000000800000000)
  eden space 33280K, 0% used [0x00000007d5d00000,0x00000007d5d00000,0x00000007d7d80000)
  from space 5120K, 99% used [0x00000007d7d80000,0x00000007d827d1b8,0x00000007d8280000)
  to   space 5120K, 0% used [0x00000007d8280000,0x00000007d8280000,0x00000007d8780000)
 ParOldGen       total 86016K, used 444K [0x0000000781800000, 0x0000000786c00000, 0x00000007d5d00000)
  object space 86016K, 0% used [0x0000000781800000,0x000000078186f048,0x0000000786c00000)
 PSPermGen       total 21504K, used 8945K [0x000000077c600000, 0x000000077db00000, 0x0000000781800000)
  object space 21504K, 41% used [0x000000077c600000,0x000000077cebc650,0x000000077db00000)
}
Event: 1.336 GC heap before
{Heap before GC invocations=2 (full 0):
 PSYoungGen      total 38400K, used 38388K [0x00000007d5d00000, 0x00000007d8780000, 0x0000000800000000)
  eden space 33280K, 100% used [0x00000007d5d00000,0x00000007d7d80000,0x00000007d7d80000)
  from space 5120K, 99% used [0x00000007d7d80000,0x00000007d827d1b8,0x00000007d8280000)
  to   space 5120K, 0% used [0x00000007d8280000,0x00000007d8280000,0x00000007d8780000)
 ParOldGen       total 86016K, used 444K [0x0000000781800000, 0x0000000786c00000, 0x00000007d5d00000)
  object space 86016K, 0% used [0x0000000781800000,0x000000078186f048,0x0000000786c00000)
 PSPermGen       total 21504K, used 13007K [0x000000077c600000, 0x000000077db00000, 0x0000000781800000)
  object space 21504K, 60% used [0x000000077c600000,0x000000077d2b3f10,0x000000077db00000)
Event: 1.344 GC heap after
Heap after GC invocations=2 (full 0):
 PSYoungGen      total 38400K, used 5108K [0x00000007d5d00000, 0x00000007da800000, 0x0000000800000000)
  eden space 33280K, 0% used [0x00000007d5d00000,0x00000007d5d00000,0x00000007d7d80000)
  from space 5120K, 99% used [0x00000007d8280000,0x00000007d877d050,0x00000007d8780000)
  to   space 5120K, 0% used [0x00000007d7d80000,0x00000007d7d80000,0x00000007d8280000)
 ParOldGen       total 86016K, used 2844K [0x0000000781800000, 0x0000000786c00000, 0x00000007d5d00000)
  object space 86016K, 3% used [0x0000000781800000,0x0000000781ac70b8,0x0000000786c00000)
 PSPermGen       total 21504K, used 13007K [0x000000077c600000, 0x000000077db00000, 0x0000000781800000)
  object space 21504K, 60% used [0x000000077c600000,0x000000077d2b3f10,0x000000077db00000)
}
Event: 1.908 GC heap before
{Heap before GC invocations=3 (full 0):
 PSYoungGen      total 38400K, used 38388K [0x00000007d5d00000, 0x00000007da800000, 0x0000000800000000)
  eden space 33280K, 100% used [0x00000007d5d00000,0x00000007d7d80000,0x00000007d7d80000)
  from space 5120K, 99% used [0x00000007d8280000,0x00000007d877d050,0x00000007d8780000)
  to   space 5120K, 0% used [0x00000007d7d80000,0x00000007d7d80000,0x00000007d8280000)
 ParOldGen       total 86016K, used 2844K [0x0000000781800000, 0x0000000786c00000, 0x00000007d5d00000)
  object space 86016K, 3% used [0x0000000781800000,0x0000000781ac70b8,0x0000000786c00000)
 PSPermGen       total 21504K, used 15918K [0x000000077c600000, 0x000000077db00000, 0x0000000781800000)
  object space 21504K, 74% used [0x000000077c600000,0x000000077d58b988,0x000000077db00000)
Event: 1.916 GC heap after
Heap after GC invocations=3 (full 0):
 PSYoungGen      total 38400K, used 5112K [0x00000007d5d00000, 0x00000007da800000, 0x0000000800000000)
  eden space 33280K, 0% used [0x00000007d5d00000,0x00000007d5d00000,0x00000007d7d80000)
  from space 5120K, 99% used [0x00000007d7d80000,0x00000007d827e010,0x00000007d8280000)
  to   space 5120K, 0% used [0x00000007da300000,0x00000007da300000,0x00000007da800000)
 ParOldGen       total 86016K, used 5446K [0x0000000781800000, 0x0000000786c00000, 0x00000007d5d00000)
  object space 86016K, 6% used [0x0000000781800000,0x0000000781d51a00,0x0000000786c00000)
 PSPermGen       total 21504K, used 15918K [0x000000077c600000, 0x000000077db00000, 0x0000000781800000)
  object space 21504K, 74% used [0x000000077c600000,0x000000077d58b988,0x000000077db00000)
}
Event: 2.308 GC heap before
{Heap before GC invocations=4 (full 0):
 PSYoungGen      total 38400K, used 38392K [0x00000007d5d00000, 0x00000007da800000, 0x0000000800000000)
  eden space 33280K, 100% used [0x00000007d5d00000,0x00000007d7d80000,0x00000007d7d80000)
  from space 5120K, 99% used [0x00000007d7d80000,0x00000007d827e010,0x00000007d8280000)
  to   space 5120K, 0% used [0x00000007da300000,0x00000007da300000,0x00000007da800000)
 ParOldGen       total 86016K, used 5446K [0x0000000781800000, 0x0000000786c00000, 0x00000007d5d00000)
  object space 86016K, 6% used [0x0000000781800000,0x0000000781d51a00,0x0000000786c00000)
 PSPermGen       total 21504K, used 16041K [0x000000077c600000, 0x000000077db00000, 0x0000000781800000)
  object space 21504K, 74% used [0x000000077c600000,0x000000077d5aa770,0x000000077db00000)
Event: 2.318 GC heap after
Heap after GC invocations=4 (full 0):
 PSYoungGen      total 71680K, used 5096K [0x00000007d5d00000, 0x00000007da800000, 0x0000000800000000)
  eden space 66560K, 0% used [0x00000007d5d00000,0x00000007d5d00000,0x00000007d9e00000)
  from space 5120K, 99% used [0x00000007da300000,0x00000007da7fa020,0x00000007da800000)
  to   space 5120K, 0% used [0x00000007d9e00000,0x00000007d9e00000,0x00000007da300000)
 ParOldGen       total 86016K, used 8088K [0x0000000781800000, 0x0000000786c00000, 0x00000007d5d00000)
  object space 86016K, 9% used [0x0000000781800000,0x0000000781fe6360,0x0000000786c00000)
 PSPermGen       total 21504K, used 16041K [0x000000077c600000, 0x000000077db00000, 0x0000000781800000)
  object space 21504K, 74% used [0x000000077c600000,0x000000077d5aa770,0x000000077db00000)
}

