# JRE version: Java(TM) SE Runtime Environment (7.0_80-b15) (build 1.7.0_80-b15)
# Java VM: Java HotSpot(TM) 64-Bit Server VM (24.80-b11 mixed mode windows-amd64 compressed oops)
Heap
 PSYoungGen      total 71680K, used 35684K [0x00000007d5d00000, 0x00000007df400000, 0x0000000800000000)
  eden space 66560K, 45% used [0x00000007d5d00000,0x00000007d7adf030,0x00000007d9e00000)
  from space 5120K, 99% used [0x00000007d9e00000,0x00000007da2fa020,0x00000007da300000)
  to   space 10752K, 0% used [0x00000007de980000,0x00000007de980000,0x00000007df400000)
 ParOldGen       total 86016K, used 13282K [0x0000000781800000, 0x0000000786c00000, 0x00000007d5d00000)
  object space 86016K, 15% used [0x0000000781800000,0x00000007824f8838,0x0000000786c00000)
 PSPermGen       total 21504K, used 19742K [0x000000077c600000, 0x000000077db00000, 0x0000000781800000)
  object space 21504K, 91% used [0x000000077c600000,0x000000077d947be0,0x000000077db00000)
GC Heap History (10 events):
Event: 0.917 GC heap before
{Heap before GC invocations=1 (full 0):
 PSYoungGen      total 38400K, used 33280K [0x00000007d5d00000, 0x00000007d8780000, 0x0000000800000000)
  eden space 33280K, 100% used [0x00000007d5d00000,0x00000007d7d80000,0x00000007d7d80000)
  from space 5120K, 0% used [0x00000007d8280000,0x00000007d8280000,0x00000007d8780000)
  to   space 5120K, 0% used [0x00000007d7d80000,0x00000007d7d80000,0x00000007d8280000)
 ParOldGen       total 86016K, used 0K [0x0000000781800000, 0x0000000786c00000, 0x00000007d5d00000)
  object space 86016K, 0% used [0x0000000781800000,0x0000000781800000,0x0000000786c00000)
 PSPermGen       total 21504K, used 8957K [0x000000077c600000, 0x000000077db00000, 0x0000000781800000)
  object space 21504K, 41% used [0x000000077c600000,0x000000077cebf470,0x000000077db00000)
Event: 0.924 GC heap after
Heap after GC invocations=1 (full 0):
 PSYoungGen      total 38400K, used 5093K [0x00000007d5d00000, 0x00000007d8780000, 0x0000000800000000)
  eden space 33280K, 0% used [0x00000007d5d00000,0x00000007d5d00000,0x00000007d7d80000)
  from space 5120K, 99% used [0x00000007d7d80000,0x00000007d82795b0,0x00000007d8280000)
  to   space 5120K, 0% used [0x00000007d8280000,0x00000007d8280000,0x00000007d8780000)
 ParOldGen       total 86016K, used 420K [0x0000000781800000, 0x0000000786c00000, 0x00000007d5d00000)
  object space 86016K, 0% used [0x0000000781800000,0x00000007818693f8,0x0000000786c00000)
 PSPermGen       total 21504K, used 8957K [0x000000077c600000, 0x000000077db00000, 0x0000000781800000)
  object space 21504K, 41% used [0x000000077c600000,0x000000077cebf470,0x000000077db00000)
}
Event: 1.398 GC heap before
{Heap before GC invocations=2 (full 0):
 PSYoungGen      total 38400K, used 38373K [0x00000007d5d00000, 0x00000007d8780000, 0x0000000800000000)
  eden space 33280K, 100% used [0x00000007d5d00000,0x00000007d7d80000,0x00000007d7d80000)
  from space 5120K, 99% used [0x00000007d7d80000,0x00000007d82795b0,0x00000007d8280000)
  to   space 5120K, 0% used [0x00000007d8280000,0x00000007d8280000,0x00000007d8780000)
 ParOldGen       total 86016K, used 420K [0x0000000781800000, 0x0000000786c00000, 0x00000007d5d00000)
  object space 86016K, 0% used [0x0000000781800000,0x00000007818693f8,0x0000000786c00000)
 PSPermGen       total 21504K, used 13035K [0x000000077c600000, 0x000000077db00000, 0x0000000781800000)
  object space 21504K, 60% used [0x000000077c600000,0x000000077d2baf60,0x000000077db00000)
Event: 1.407 GC heap after
Heap after GC invocations=2 (full 0):
 PSYoungGen      total 38400K, used 5119K [0x00000007d5d00000, 0x00000007da800000, 0x0000000800000000)
  eden space 33280K, 0% used [0x00000007d5d00000,0x00000007d5d00000,0x00000007d7d80000)
  from space 5120K, 99% used [0x00000007d8280000,0x00000007d877ffe8,0x00000007d8780000)
  to   space 5120K, 0% used [0x00000007d7d80000,0x00000007d7d80000,0x00000007d8280000)
 ParOldGen       total 86016K, used 2859K [0x0000000781800000, 0x0000000786c00000, 0x00000007d5d00000)
  object space 86016K, 3% used [0x0000000781800000,0x0000000781acaec0,0x0000000786c00000)
 PSPermGen       total 21504K, used 13035K [0x000000077c600000, 0x000000077db00000, 0x0000000781800000)
  object space 21504K, 60% used [0x000000077c600000,0x000000077d2baf60,0x000000077db00000)
}
Event: 1.941 GC heap before
{Heap before GC invocations=3 (full 0):
 PSYoungGen      total 38400K, used 38399K [0x00000007d5d00000, 0x00000007da800000, 0x0000000800000000)
  eden space 33280K, 100% used [0x00000007d5d00000,0x00000007d7d80000,0x00000007d7d80000)
  from space 5120K, 99% used [0x00000007d8280000,0x00000007d877ffe8,0x00000007d8780000)
  to   space 5120K, 0% used [0x00000007d7d80000,0x00000007d7d80000,0x00000007d8280000)
 ParOldGen       total 86016K, used 2859K [0x0000000781800000, 0x0000000786c00000, 0x00000007d5d00000)
  object space 86016K, 3% used [0x0000000781800000,0x0000000781acaec0,0x0000000786c00000)
 PSPermGen       total 21504K, used 15915K [0x000000077c600000, 0x000000077db00000, 0x0000000781800000)
  object space 21504K, 74% used [0x000000077c600000,0x000000077d58af98,0x000000077db00000)
Event: 1.948 GC heap after
Heap after GC invocations=3 (full 0):
 PSYoungGen      total 38400K, used 5096K [0x00000007d5d00000, 0x00000007da800000, 0x0000000800000000)
  eden space 33280K, 0% used [0x00000007d5d00000,0x00000007d5d00000,0x00000007d7d80000)
  from space 5120K, 99% used [0x00000007d7d80000,0x00000007d827a170,0x00000007d8280000)
  to   space 5120K, 0% used [0x00000007da300000,0x00000007da300000,0x00000007da800000)
 ParOldGen       total 86016K, used 5527K [0x0000000781800000, 0x0000000786c00000, 0x00000007d5d00000)
  object space 86016K, 6% used [0x0000000781800000,0x0000000781d65c88,0x0000000786c00000)
 PSPermGen       total 21504K, used 15915K [0x000000077c600000, 0x000000077db00000, 0x0000000781800000)
  object space 21504K, 74% used [0x000000077c600000,0x000000077d58af98,0x000000077db00000)
}
Event: 2.303 GC heap before
{Heap before GC invocations=4 (full 0):
 PSYoungGen      total 38400K, used 38376K [0x00000007d5d00000, 0x00000007da800000, 0x0000000800000000)
  eden space 33280K, 100% used [0x00000007d5d00000,0x00000007d7d80000,0x00000007d7d80000)
  from space 5120K, 99% used [0x00000007d7d80000,0x00000007d827a170,0x00000007d8280000)
  to   space 5120K, 0% used [0x00000007da300000,0x00000007da300000,0x00000007da800000)
 ParOldGen       total 86016K, used 5527K [0x0000000781800000, 0x0000000786c00000, 0x00000007d5d00000)
  object space 86016K, 6% used [0x0000000781800000,0x0000000781d65c88,0x0000000786c00000)
 PSPermGen       total 21504K, used 16039K [0x000000077c600000, 0x000000077db00000, 0x0000000781800000)
  object space 21504K, 74% used [0x000000077c600000,0x000000077d5a9ed8,0x000000077db00000)
Event: 2.311 GC heap after
Heap after GC invocations=4 (full 0):
 PSYoungGen      total 71680K, used 5112K [0x00000007d5d00000, 0x00000007da800000, 0x0000000800000000)
  eden space 66560K, 0% used [0x00000007d5d00000,0x00000007d5d00000,0x00000007d9e00000)
  from space 5120K, 99% used [0x00000007da300000,0x00000007da7fe010,0x00000007da800000)
  to   space 5120K, 0% used [0x00000007d9e00000,0x00000007d9e00000,0x00000007da300000)
 ParOldGen       total 86016K, used 8128K [0x0000000781800000, 0x0000000786c00000, 0x00000007d5d00000)
  object space 86016K, 9% used [0x0000000781800000,0x0000000781ff0270,0x0000000786c00000)
 PSPermGen       total 21504K, used 16039K [0x000000077c600000, 0x000000077db00000, 0x0000000781800000)
  object space 21504K, 74% used [0x000000077c600000,0x000000077d5a9ed8,0x000000077db00000)
}
Event: 3.071 GC heap before
{Heap before GC invocations=5 (full 0):
 PSYoungGen      total 71680K, used 71672K [0x00000007d5d00000, 0x00000007da800000, 0x0000000800000000)
  eden space 66560K, 100% used [0x00000007d5d00000,0x00000007d9e00000,0x00000007d9e00000)
  from space 5120K, 99% used [0x00000007da300000,0x00000007da7fe010,0x00000007da800000)
  to   space 5120K, 0% used [0x00000007d9e00000,0x00000007d9e00000,0x00000007da300000)
 ParOldGen       total 86016K, used 8128K [0x0000000781800000, 0x0000000786c00000, 0x00000007d5d00000)
  object space 86016K, 9% used [0x0000000781800000,0x0000000781ff0270,0x0000000786c00000)
 PSPermGen       total 21504K, used 17837K [0x000000077c600000, 0x000000077db00000, 0x0000000781800000)
  object space 21504K, 82% used [0x000000077c600000,0x000000077d76b428,0x000000077db00000)
Event: 3.081 GC heap after
Heap after GC invocations=5 (full 0):
 PSYoungGen      total 71680K, used 5096K [0x00000007d5d00000, 0x00000007df400000, 0x0000000800000000)
  eden space 66560K, 0% used [0x00000007d5d00000,0x00000007d5d00000,0x00000007d9e00000)
  from space 5120K, 99% used [0x00000007d9e00000,0x00000007da2fa020,0x00000007da300000)
  to   space 10752K, 0% used [0x00000007de980000,0x00000007de980000,0x00000007df400000)
 ParOldGen       total 86016K, used 13282K [0x0000000781800000, 0x0000000786c00000, 0x00000007d5d00000)
  object space 86016K, 15% used [0x0000000781800000,0x00000007824f8838,0x0000000786c00000)
 PSPermGen       total 21504K, used 17837K [0x000000077c600000, 0x000000077db00000, 0x0000000781800000)
  object space 21504K, 82% used [0x000000077c600000,0x000000077d76b428,0x000000077db00000)
}

