# JRE version: Java(TM) SE Runtime Environment (7.0_80-b15) (build 1.7.0_80-b15)
# Java VM: Java HotSpot(TM) 64-Bit Server VM (24.80-b11 mixed mode windows-amd64 compressed oops)
Heap
 PSYoungGen      total 71680K, used 67037K [0x00000007d5d00000, 0x00000007df300000, 0x0000000800000000)
  eden space 66560K, 93% used [0x00000007d5d00000,0x00000007d997b498,0x00000007d9e00000)
  from space 5120K, 99% used [0x00000007d9e00000,0x00000007da2fc1e8,0x00000007da300000)
  to   space 10240K, 0% used [0x00000007de900000,0x00000007de900000,0x00000007df300000)
 ParOldGen       total 86016K, used 9982K [0x0000000781800000, 0x0000000786c00000, 0x00000007d5d00000)
  object space 86016K, 11% used [0x0000000781800000,0x00000007821bf958,0x0000000786c00000)
 PSPermGen       total 25088K, used 24748K [0x000000077c600000, 0x000000077de80000, 0x0000000781800000)
  object space 25088K, 98% used [0x000000077c600000,0x000000077de2b078,0x000000077de80000)
GC Heap History (10 events):
Event: 0.703 GC heap before
{Heap before GC invocations=1 (full 0):
 PSYoungGen      total 38400K, used 33280K [0x00000007d5d00000, 0x00000007d8780000, 0x0000000800000000)
  eden space 33280K, 100% used [0x00000007d5d00000,0x00000007d7d80000,0x00000007d7d80000)
  from space 5120K, 0% used [0x00000007d8280000,0x00000007d8280000,0x00000007d8780000)
  to   space 5120K, 0% used [0x00000007d7d80000,0x00000007d7d80000,0x00000007d8280000)
 ParOldGen       total 86016K, used 0K [0x0000000781800000, 0x0000000786c00000, 0x00000007d5d00000)
  object space 86016K, 0% used [0x0000000781800000,0x0000000781800000,0x0000000786c00000)
 PSPermGen       total 21504K, used 11889K [0x000000077c600000, 0x000000077db00000, 0x0000000781800000)
  object space 21504K, 55% used [0x000000077c600000,0x000000077d19c6d0,0x000000077db00000)
Event: 0.710 GC heap after
Heap after GC invocations=1 (full 0):
 PSYoungGen      total 38400K, used 5095K [0x00000007d5d00000, 0x00000007d8780000, 0x0000000800000000)
  eden space 33280K, 0% used [0x00000007d5d00000,0x00000007d5d00000,0x00000007d7d80000)
  from space 5120K, 99% used [0x00000007d7d80000,0x00000007d8279ce0,0x00000007d8280000)
  to   space 5120K, 0% used [0x00000007d8280000,0x00000007d8280000,0x00000007d8780000)
 ParOldGen       total 86016K, used 1381K [0x0000000781800000, 0x0000000786c00000, 0x00000007d5d00000)
  object space 86016K, 1% used [0x0000000781800000,0x0000000781959548,0x0000000786c00000)
 PSPermGen       total 21504K, used 11889K [0x000000077c600000, 0x000000077db00000, 0x0000000781800000)
  object space 21504K, 55% used [0x000000077c600000,0x000000077d19c6d0,0x000000077db00000)
}
Event: 0.889 GC heap before
{Heap before GC invocations=2 (full 0):
 PSYoungGen      total 38400K, used 38375K [0x00000007d5d00000, 0x00000007d8780000, 0x0000000800000000)
  eden space 33280K, 100% used [0x00000007d5d00000,0x00000007d7d80000,0x00000007d7d80000)
  from space 5120K, 99% used [0x00000007d7d80000,0x00000007d8279ce0,0x00000007d8280000)
  to   space 5120K, 0% used [0x00000007d8280000,0x00000007d8280000,0x00000007d8780000)
 ParOldGen       total 86016K, used 1381K [0x0000000781800000, 0x0000000786c00000, 0x00000007d5d00000)
  object space 86016K, 1% used [0x0000000781800000,0x0000000781959548,0x0000000786c00000)
 PSPermGen       total 21504K, used 12391K [0x000000077c600000, 0x000000077db00000, 0x0000000781800000)
  object space 21504K, 57% used [0x000000077c600000,0x000000077d219d40,0x000000077db00000)
Event: 0.895 GC heap after
Heap after GC invocations=2 (full 0):
 PSYoungGen      total 38400K, used 5101K [0x00000007d5d00000, 0x00000007da800000, 0x0000000800000000)
  eden space 33280K, 0% used [0x00000007d5d00000,0x00000007d5d00000,0x00000007d7d80000)
  from space 5120K, 99% used [0x00000007d8280000,0x00000007d877b650,0x00000007d8780000)
  to   space 5120K, 0% used [0x00000007d7d80000,0x00000007d7d80000,0x00000007d8280000)
 ParOldGen       total 86016K, used 2518K [0x0000000781800000, 0x0000000786c00000, 0x00000007d5d00000)
  object space 86016K, 2% used [0x0000000781800000,0x0000000781a75900,0x0000000786c00000)
 PSPermGen       total 21504K, used 12391K [0x000000077c600000, 0x000000077db00000, 0x0000000781800000)
  object space 21504K, 57% used [0x000000077c600000,0x000000077d219d40,0x000000077db00000)
}
Event: 1.167 GC heap before
{Heap before GC invocations=3 (full 0):
 PSYoungGen      total 38400K, used 38381K [0x00000007d5d00000, 0x00000007da800000, 0x0000000800000000)
  eden space 33280K, 100% used [0x00000007d5d00000,0x00000007d7d80000,0x00000007d7d80000)
  from space 5120K, 99% used [0x00000007d8280000,0x00000007d877b650,0x00000007d8780000)
  to   space 5120K, 0% used [0x00000007d7d80000,0x00000007d7d80000,0x00000007d8280000)
 ParOldGen       total 86016K, used 2518K [0x0000000781800000, 0x0000000786c00000, 0x00000007d5d00000)
  object space 86016K, 2% used [0x0000000781800000,0x0000000781a75900,0x0000000786c00000)
 PSPermGen       total 21504K, used 13286K [0x000000077c600000, 0x000000077db00000, 0x0000000781800000)
  object space 21504K, 61% used [0x000000077c600000,0x000000077d2f9868,0x000000077db00000)
Event: 1.171 GC heap after
Heap after GC invocations=3 (full 0):
 PSYoungGen      total 38400K, used 5109K [0x00000007d5d00000, 0x00000007da800000, 0x0000000800000000)
  eden space 33280K, 0% used [0x00000007d5d00000,0x00000007d5d00000,0x00000007d7d80000)
  from space 5120K, 99% used [0x00000007d7d80000,0x00000007d827d460,0x00000007d8280000)
  to   space 5120K, 0% used [0x00000007da300000,0x00000007da300000,0x00000007da800000)
 ParOldGen       total 86016K, used 3096K [0x0000000781800000, 0x0000000786c00000, 0x00000007d5d00000)
  object space 86016K, 3% used [0x0000000781800000,0x0000000781b062a8,0x0000000786c00000)
 PSPermGen       total 21504K, used 13286K [0x000000077c600000, 0x000000077db00000, 0x0000000781800000)
  object space 21504K, 61% used [0x000000077c600000,0x000000077d2f9868,0x000000077db00000)
}
Event: 1.471 GC heap before
{Heap before GC invocations=4 (full 0):
 PSYoungGen      total 38400K, used 38389K [0x00000007d5d00000, 0x00000007da800000, 0x0000000800000000)
  eden space 33280K, 100% used [0x00000007d5d00000,0x00000007d7d80000,0x00000007d7d80000)
  from space 5120K, 99% used [0x00000007d7d80000,0x00000007d827d460,0x00000007d8280000)
  to   space 5120K, 0% used [0x00000007da300000,0x00000007da300000,0x00000007da800000)
 ParOldGen       total 86016K, used 3096K [0x0000000781800000, 0x0000000786c00000, 0x00000007d5d00000)
  object space 86016K, 3% used [0x0000000781800000,0x0000000781b062a8,0x0000000786c00000)
 PSPermGen       total 21504K, used 16754K [0x000000077c600000, 0x000000077db00000, 0x0000000781800000)
  object space 21504K, 77% used [0x000000077c600000,0x000000077d65caa0,0x000000077db00000)
Event: 1.477 GC heap after
Heap after GC invocations=4 (full 0):
 PSYoungGen      total 71680K, used 5102K [0x00000007d5d00000, 0x00000007da800000, 0x0000000800000000)
  eden space 66560K, 0% used [0x00000007d5d00000,0x00000007d5d00000,0x00000007d9e00000)
  from space 5120K, 99% used [0x00000007da300000,0x00000007da7fbb00,0x00000007da800000)
  to   space 5120K, 0% used [0x00000007d9e00000,0x00000007d9e00000,0x00000007da300000)
 ParOldGen       total 86016K, used 4100K [0x0000000781800000, 0x0000000786c00000, 0x00000007d5d00000)
  object space 86016K, 4% used [0x0000000781800000,0x0000000781c01080,0x0000000786c00000)
 PSPermGen       total 21504K, used 16754K [0x000000077c600000, 0x000000077db00000, 0x0000000781800000)
  object space 21504K, 77% used [0x000000077c600000,0x000000077d65caa0,0x000000077db00000)
}
Event: 1.999 GC heap before
{Heap before GC invocations=5 (full 0):
 PSYoungGen      total 71680K, used 71662K [0x00000007d5d00000, 0x00000007da800000, 0x0000000800000000)
  eden space 66560K, 100% used [0x00000007d5d00000,0x00000007d9e00000,0x00000007d9e00000)
  from space 5120K, 99% used [0x00000007da300000,0x00000007da7fbb00,0x00000007da800000)
  to   space 5120K, 0% used [0x00000007d9e00000,0x00000007d9e00000,0x00000007da300000)
 ParOldGen       total 86016K, used 4100K [0x0000000781800000, 0x0000000786c00000, 0x00000007d5d00000)
  object space 86016K, 4% used [0x0000000781800000,0x0000000781c01080,0x0000000786c00000)
 PSPermGen       total 21504K, used 20872K [0x000000077c600000, 0x000000077db00000, 0x0000000781800000)
  object space 21504K, 97% used [0x000000077c600000,0x000000077da620e0,0x000000077db00000)
Event: 2.007 GC heap after
Heap after GC invocations=5 (full 0):
 PSYoungGen      total 71680K, used 5104K [0x00000007d5d00000, 0x00000007df300000, 0x0000000800000000)
  eden space 66560K, 0% used [0x00000007d5d00000,0x00000007d5d00000,0x00000007d9e00000)
  from space 5120K, 99% used [0x00000007d9e00000,0x00000007da2fc1e8,0x00000007da300000)
  to   space 10240K, 0% used [0x00000007de900000,0x00000007de900000,0x00000007df300000)
 ParOldGen       total 86016K, used 9982K [0x0000000781800000, 0x0000000786c00000, 0x00000007d5d00000)
  object space 86016K, 11% used [0x0000000781800000,0x00000007821bf958,0x0000000786c00000)
 PSPermGen       total 21504K, used 20872K [0x000000077c600000, 0x000000077db00000, 0x0000000781800000)
  object space 21504K, 97% used [0x000000077c600000,0x000000077da620e0,0x000000077db00000)
}

