# JRE version: Java(TM) SE Runtime Environment (7.0_80-b15) (build 1.7.0_80-b15)
# Java VM: Java HotSpot(TM) 64-Bit Server VM (24.80-b11 mixed mode windows-amd64 compressed oops)
Heap
 PSYoungGen      total 138240K, used 20883K [0x00000007d5d00000, 0x00000007de900000, 0x0000000800000000)
  eden space 133120K, 15% used [0x00000007d5d00000,0x00000007d7164dc0,0x00000007ddf00000)
  from space 5120K, 0% used [0x00000007ddf00000,0x00000007ddf00000,0x00000007de400000)
  to   space 5120K, 0% used [0x00000007de400000,0x00000007de400000,0x00000007de900000)
 ParOldGen       total 86016K, used 10933K [0x0000000781800000, 0x0000000786c00000, 0x00000007d5d00000)
  object space 86016K, 12% used [0x0000000781800000,0x00000007822ad520,0x0000000786c00000)
 PSPermGen       total 25088K, used 24789K [0x000000077c600000, 0x000000077de80000, 0x0000000781800000)
  object space 25088K, 98% used [0x000000077c600000,0x000000077de354b0,0x000000077de80000)
GC Heap History (10 events):
Event: 0.941 GC heap before
{Heap before GC invocations=2 (full 0):
 PSYoungGen      total 38400K, used 38387K [0x00000007d5d00000, 0x00000007da800000, 0x0000000800000000)
  eden space 33280K, 100% used [0x00000007d5d00000,0x00000007d7d80000,0x00000007d7d80000)
  from space 5120K, 99% used [0x00000007d7d80000,0x00000007d827cc38,0x00000007d8280000)
  to   space 5120K, 0% used [0x00000007da300000,0x00000007da300000,0x00000007da800000)
 ParOldGen       total 86016K, used 1372K [0x0000000781800000, 0x0000000786c00000, 0x00000007d5d00000)
  object space 86016K, 1% used [0x0000000781800000,0x0000000781957398,0x0000000786c00000)
 PSPermGen       total 21504K, used 12390K [0x000000077c600000, 0x000000077db00000, 0x0000000781800000)
  object space 21504K, 57% used [0x000000077c600000,0x000000077d219b98,0x000000077db00000)
Event: 0.947 GC heap after
Heap after GC invocations=2 (full 0):
 PSYoungGen      total 71680K, used 5093K [0x00000007d5d00000, 0x00000007da800000, 0x0000000800000000)
  eden space 66560K, 0% used [0x00000007d5d00000,0x00000007d5d00000,0x00000007d9e00000)
  from space 5120K, 99% used [0x00000007da300000,0x00000007da7f9550,0x00000007da800000)
  to   space 5120K, 0% used [0x00000007d9e00000,0x00000007d9e00000,0x00000007da300000)
 ParOldGen       total 86016K, used 2483K [0x0000000781800000, 0x0000000786c00000, 0x00000007d5d00000)
  object space 86016K, 2% used [0x0000000781800000,0x0000000781a6cd10,0x0000000786c00000)
 PSPermGen       total 21504K, used 12390K [0x000000077c600000, 0x000000077db00000, 0x0000000781800000)
  object space 21504K, 57% used [0x000000077c600000,0x000000077d219b98,0x000000077db00000)
}
Event: 1.549 GC heap before
{Heap before GC invocations=3 (full 0):
 PSYoungGen      total 71680K, used 71653K [0x00000007d5d00000, 0x00000007da800000, 0x0000000800000000)
  eden space 66560K, 100% used [0x00000007d5d00000,0x00000007d9e00000,0x00000007d9e00000)
  from space 5120K, 99% used [0x00000007da300000,0x00000007da7f9550,0x00000007da800000)
  to   space 5120K, 0% used [0x00000007d9e00000,0x00000007d9e00000,0x00000007da300000)
 ParOldGen       total 86016K, used 2483K [0x0000000781800000, 0x0000000786c00000, 0x00000007d5d00000)
  object space 86016K, 2% used [0x0000000781800000,0x0000000781a6cd10,0x0000000786c00000)
 PSPermGen       total 21504K, used 16730K [0x000000077c600000, 0x000000077db00000, 0x0000000781800000)
  object space 21504K, 77% used [0x000000077c600000,0x000000077d656820,0x000000077db00000)
Event: 1.557 GC heap after
Heap after GC invocations=3 (full 0):
 PSYoungGen      total 71680K, used 5117K [0x00000007d5d00000, 0x00000007de900000, 0x0000000800000000)
  eden space 66560K, 0% used [0x00000007d5d00000,0x00000007d5d00000,0x00000007d9e00000)
  from space 5120K, 99% used [0x00000007d9e00000,0x00000007da2ff5d0,0x00000007da300000)
  to   space 5120K, 0% used [0x00000007de400000,0x00000007de400000,0x00000007de900000)
 ParOldGen       total 86016K, used 5665K [0x0000000781800000, 0x0000000786c00000, 0x00000007d5d00000)
  object space 86016K, 6% used [0x0000000781800000,0x0000000781d88590,0x0000000786c00000)
 PSPermGen       total 21504K, used 16730K [0x000000077c600000, 0x000000077db00000, 0x0000000781800000)
  object space 21504K, 77% used [0x000000077c600000,0x000000077d656820,0x000000077db00000)
}
Event: 2.117 GC heap before
{Heap before GC invocations=4 (full 0):
 PSYoungGen      total 71680K, used 71677K [0x00000007d5d00000, 0x00000007de900000, 0x0000000800000000)
  eden space 66560K, 100% used [0x00000007d5d00000,0x00000007d9e00000,0x00000007d9e00000)
  from space 5120K, 99% used [0x00000007d9e00000,0x00000007da2ff5d0,0x00000007da300000)
  to   space 5120K, 0% used [0x00000007de400000,0x00000007de400000,0x00000007de900000)
 ParOldGen       total 86016K, used 5665K [0x0000000781800000, 0x0000000786c00000, 0x00000007d5d00000)
  object space 86016K, 6% used [0x0000000781800000,0x0000000781d88590,0x0000000786c00000)
 PSPermGen       total 21504K, used 20651K [0x000000077c600000, 0x000000077db00000, 0x0000000781800000)
  object space 21504K, 96% used [0x000000077c600000,0x000000077da2ae28,0x000000077db00000)
Event: 2.125 GC heap after
Heap after GC invocations=4 (full 0):
 PSYoungGen      total 138240K, used 5098K [0x00000007d5d00000, 0x00000007de900000, 0x0000000800000000)
  eden space 133120K, 0% used [0x00000007d5d00000,0x00000007d5d00000,0x00000007ddf00000)
  from space 5120K, 99% used [0x00000007de400000,0x00000007de8fabc8,0x00000007de900000)
  to   space 5120K, 0% used [0x00000007ddf00000,0x00000007ddf00000,0x00000007de400000)
 ParOldGen       total 86016K, used 11639K [0x0000000781800000, 0x0000000786c00000, 0x00000007d5d00000)
  object space 86016K, 13% used [0x0000000781800000,0x000000078235dc88,0x0000000786c00000)
 PSPermGen       total 21504K, used 20651K [0x000000077c600000, 0x000000077db00000, 0x0000000781800000)
  object space 21504K, 96% used [0x000000077c600000,0x000000077da2ae28,0x000000077db00000)
}
Event: 2.692 GC heap before
{Heap before GC invocations=5 (full 0):
 PSYoungGen      total 138240K, used 59799K [0x00000007d5d00000, 0x00000007de900000, 0x0000000800000000)
  eden space 133120K, 41% used [0x00000007d5d00000,0x00000007d926b1b0,0x00000007ddf00000)
  from space 5120K, 99% used [0x00000007de400000,0x00000007de8fabc8,0x00000007de900000)
  to   space 5120K, 0% used [0x00000007ddf00000,0x00000007ddf00000,0x00000007de400000)
 ParOldGen       total 86016K, used 11639K [0x0000000781800000, 0x0000000786c00000, 0x00000007d5d00000)
  object space 86016K, 13% used [0x0000000781800000,0x000000078235dc88,0x0000000786c00000)
 PSPermGen       total 24576K, used 24247K [0x000000077c600000, 0x000000077de00000, 0x0000000781800000)
  object space 24576K, 98% used [0x000000077c600000,0x000000077ddadd18,0x000000077de00000)
Event: 2.712 GC heap after
Heap after GC invocations=5 (full 0):
 PSYoungGen      total 138240K, used 5089K [0x00000007d5d00000, 0x00000007de900000, 0x0000000800000000)
  eden space 133120K, 0% used [0x00000007d5d00000,0x00000007d5d00000,0x00000007ddf00000)
  from space 5120K, 99% used [0x00000007ddf00000,0x00000007de3f8418,0x00000007de400000)
  to   space 5120K, 0% used [0x00000007de400000,0x00000007de400000,0x00000007de900000)
 ParOldGen       total 86016K, used 15356K [0x0000000781800000, 0x0000000786c00000, 0x00000007d5d00000)
  object space 86016K, 17% used [0x0000000781800000,0x00000007826ff078,0x0000000786c00000)
 PSPermGen       total 24576K, used 24247K [0x000000077c600000, 0x000000077de00000, 0x0000000781800000)
  object space 24576K, 98% used [0x000000077c600000,0x000000077ddadd18,0x000000077de00000)
}
Event: 2.712 GC heap before
{Heap before GC invocations=6 (full 1):
 PSYoungGen      total 138240K, used 5089K [0x00000007d5d00000, 0x00000007de900000, 0x0000000800000000)
  eden space 133120K, 0% used [0x00000007d5d00000,0x00000007d5d00000,0x00000007ddf00000)
  from space 5120K, 99% used [0x00000007ddf00000,0x00000007de3f8418,0x00000007de400000)
  to   space 5120K, 0% used [0x00000007de400000,0x00000007de400000,0x00000007de900000)
 ParOldGen       total 86016K, used 15356K [0x0000000781800000, 0x0000000786c00000, 0x00000007d5d00000)
  object space 86016K, 17% used [0x0000000781800000,0x00000007826ff078,0x0000000786c00000)
 PSPermGen       total 24576K, used 24247K [0x000000077c600000, 0x000000077de00000, 0x0000000781800000)
  object space 24576K, 98% used [0x000000077c600000,0x000000077ddadd18,0x000000077de00000)
Event: 2.799 GC heap after
Heap after GC invocations=6 (full 1):
 PSYoungGen      total 138240K, used 0K [0x00000007d5d00000, 0x00000007de900000, 0x0000000800000000)
  eden space 133120K, 0% used [0x00000007d5d00000,0x00000007d5d00000,0x00000007ddf00000)
  from space 5120K, 0% used [0x00000007ddf00000,0x00000007ddf00000,0x00000007de400000)
  to   space 5120K, 0% used [0x00000007de400000,0x00000007de400000,0x00000007de900000)
 ParOldGen       total 86016K, used 10933K [0x0000000781800000, 0x0000000786c00000, 0x00000007d5d00000)
  object space 86016K, 12% used [0x0000000781800000,0x00000007822ad520,0x0000000786c00000)
 PSPermGen       total 24576K, used 24238K [0x000000077c600000, 0x000000077de00000, 0x0000000781800000)
  object space 24576K, 98% used [0x000000077c600000,0x000000077ddab820,0x000000077de00000)
}

